<?xml version="1.0" encoding="UTF-8"?>
<!-- Generated by org.testng.reporters.JUnitReportReporter -->
<testsuite hostname="DESKTOP-BDQMJ87" failures="1" tests="1" name="W_runner.Runner_login" time="79.713" errors="0" timestamp="2023-03-22T13:51:31 IST" skipped="0">
  <testcase classname="W_runner.Runner_login" name="runScenario" time="79.713">
    <failure message="expected [Facebook] but found [Facebook – log in or sign up]" type="java.lang.AssertionError">
      <![CDATA[java.lang.AssertionError: expected [Facebook] but found [Facebook – log in or sign up]
at org.testng.Assert.fail(Assert.java:99)
at org.testng.Assert.failNotEquals(Assert.java:1037)
at org.testng.Assert.assertEqualsImpl(Assert.java:140)
at org.testng.Assert.assertEquals(Assert.java:122)
at org.testng.Assert.assertEquals(Assert.java:629)
at org.testng.Assert.assertEquals(Assert.java:639)
at stepDefnitions.Login.home_page_should_be_displayed(Login.java:53)
at ✽.home page should be displayed(file:///C:/Users/Dell/eclipse2-workspace/Cucumber/src/test/java/fearures/Login.feature:7)
]]>
    </failure>
  </testcase> <!-- runScenario -->
  <system-out/>
</testsuite> <!-- W_runner.Runner_login -->
